<?xml version="1.0" encoding="UTF-8"?>
<!-- Generated by org.testng.reporters.JUnitReportReporter -->
<testsuite hostname="SivaShankar" failures="0" tests="1" name="TestNGExecution.Zomato" time="49.004" errors="0" timestamp="2024-05-22T11:38:31 IST" skipped="0">
  <testcase classname="TestNGExecution.Zomato" name="ZomatoLaunch" time="49.004"/>
  <system-out>
    <![CDATA[Zomato page]]>
  </system-out>
</testsuite> <!-- TestNGExecution.Zomato -->
