<?xml version="1.0" encoding="UTF-8"?>
<!-- Generated by org.testng.reporters.JUnitReportReporter -->
<testsuite hostname="SivaShankar" failures="0" tests="1" name="TestNGExecution.Zepto" time="49.523" errors="0" timestamp="2024-05-22T11:38:31 IST" skipped="0">
  <testcase classname="TestNGExecution.Zepto" name="ZeptoLaunch" time="49.523"/>
  <system-out>
    <![CDATA[Zepto page]]>
  </system-out>
</testsuite> <!-- TestNGExecution.Zepto -->
