<?xml version="1.0" encoding="UTF-8"?>
<!-- Generated by org.testng.reporters.JUnitReportReporter -->
<testsuite hostname="SivaShankar" failures="0" tests="1" name="TestNG.ChronologiesOrders" time="0.010" errors="0" timestamp="2024-05-17T15:31:16 IST" skipped="0">
  <testcase classname="TestNG.ChronologiesOrders" name="MainMethod" time="0.010"/>
  <system-out>
    <![CDATA[main method]]>
  </system-out>
</testsuite> <!-- TestNG.ChronologiesOrders -->
