<?xml version="1.0" encoding="UTF-8"?>
<!-- Generated by org.testng.reporters.JUnitReportReporter -->
<testsuite hostname="SivaShankar" failures="0" tests="1" name="TestNGExecution.Dominose" time="49.410" errors="0" timestamp="2024-05-22T11:38:31 IST" skipped="0">
  <testcase classname="TestNGExecution.Dominose" name="DominoseLaunch" time="49.410"/>
  <system-out>
    <![CDATA[Dominose page]]>
  </system-out>
</testsuite> <!-- TestNGExecution.Dominose -->
